2024-12-21 19:18:42,291 :INFO : test_e2e :Testing on phone: Sony Xperia
2024-12-21 19:18:43,337 :INFO : test_e2e :Testing on phone: iphone X
2024-12-21 19:18:43,516 :INFO : test_e2e :Added iphone X to cart
2024-12-21 19:18:43,557 :INFO : test_e2e :Navigated to Confirm Page
2024-12-21 19:18:48,884 :INFO : test_e2e :Selected country
2024-12-21 19:18:48,970 :INFO : test_e2e :Purchased the phone
2024-12-21 19:18:49,615 :INFO : test_e2e :Testing on phone: Samsung Note 8
2024-12-21 19:18:49,815 :INFO : test_e2e :Added Samsung Note 8 to cart
2024-12-21 19:18:49,856 :INFO : test_e2e :Navigated to Confirm Page
2024-12-21 19:18:54,998 :INFO : test_e2e :Selected country
2024-12-21 19:18:55,066 :INFO : test_e2e :Purchased the phone
2024-12-21 19:18:55,348 :INFO : test_e2e :Testing on phone: Nokia Edge
2024-12-21 19:18:55,506 :INFO : test_e2e :Added Nokia Edge to cart
2024-12-21 19:18:55,540 :INFO : test_e2e :Navigated to Confirm Page
2024-12-21 19:19:00,812 :INFO : test_e2e :Selected country
2024-12-21 19:19:00,887 :INFO : test_e2e :Purchased the phone
2024-12-21 19:19:01,149 :INFO : test_e2e :Testing on phone: Blackberry
2024-12-21 19:19:01,312 :INFO : test_e2e :Added Blackberry to cart
2024-12-21 19:19:01,342 :INFO : test_e2e :Navigated to Confirm Page
2024-12-21 19:19:06,633 :INFO : test_e2e :Selected country
2024-12-21 19:19:06,697 :INFO : test_e2e :Purchased the phone
2024-12-21 19:19:11,978 :INFO : test_form_submission :Testing on Rahul Shetty
2024-12-21 19:19:12,057 :INFO : test_form_submission :Filled in first name: Rahul
2024-12-21 19:19:12,090 :INFO : test_form_submission :Filled in last name: Shetty
2024-12-21 19:19:12,159 :INFO : test_form_submission :Filled in password: 123456789
2024-12-21 19:19:12,206 :INFO : test_form_submission :Clicked checkbox
2024-12-21 19:19:12,233 :INFO : test_form_submission :Selected Male 
2024-12-21 19:19:12,548 :INFO : test_form_submission :Testing on Anushka Shetty
2024-12-21 19:19:12,581 :INFO : test_form_submission :Filled in first name: Anushka
2024-12-21 19:19:12,609 :INFO : test_form_submission :Filled in last name: Shetty
2024-12-21 19:19:12,640 :INFO : test_form_submission :Filled in password: qwertyuio
2024-12-21 19:19:12,673 :INFO : test_form_submission :Clicked checkbox
2024-12-21 19:19:12,710 :INFO : test_form_submission :Selected Female 
2024-12-21 19:41:16,896 :INFO : test_e2e :Testing on phone: Sony Xperia
2024-12-21 19:41:18,134 :INFO : test_e2e :Testing on phone: iphone X
2024-12-21 19:41:18,273 :INFO : test_e2e :Added iphone X to cart
2024-12-21 19:41:18,311 :INFO : test_e2e :Navigated to Confirm Page
2024-12-21 19:41:23,608 :INFO : test_e2e :Selected country
2024-12-21 19:41:23,684 :INFO : test_e2e :Purchased the phone
2024-12-21 19:41:24,360 :INFO : test_e2e :Testing on phone: Samsung Note 8
2024-12-21 19:41:24,534 :INFO : test_e2e :Added Samsung Note 8 to cart
2024-12-21 19:41:24,565 :INFO : test_e2e :Navigated to Confirm Page
2024-12-21 19:41:29,828 :INFO : test_e2e :Selected country
2024-12-21 19:41:29,900 :INFO : test_e2e :Purchased the phone
2024-12-21 19:41:30,170 :INFO : test_e2e :Testing on phone: Nokia Edge
2024-12-21 19:41:30,329 :INFO : test_e2e :Added Nokia Edge to cart
2024-12-21 19:41:30,362 :INFO : test_e2e :Navigated to Confirm Page
2024-12-21 19:41:35,742 :INFO : test_e2e :Selected country
2024-12-21 19:41:35,808 :INFO : test_e2e :Purchased the phone
2024-12-21 19:41:36,071 :INFO : test_e2e :Testing on phone: Blackberry
2024-12-21 19:41:36,237 :INFO : test_e2e :Added Blackberry to cart
2024-12-21 19:41:36,267 :INFO : test_e2e :Navigated to Confirm Page
2024-12-21 19:41:41,508 :INFO : test_e2e :Selected country
2024-12-21 19:41:41,571 :INFO : test_e2e :Purchased the phone
2024-12-21 19:41:47,110 :INFO : test_form_submission :Testing on Rahul Shetty
2024-12-21 19:41:47,183 :INFO : test_form_submission :Filled in first name: Rahul
2024-12-21 19:41:47,214 :INFO : test_form_submission :Filled in last name: Shetty
2024-12-21 19:41:47,247 :INFO : test_form_submission :Filled in password: 123456789
2024-12-21 19:41:47,290 :INFO : test_form_submission :Clicked checkbox
2024-12-21 19:41:47,315 :INFO : test_form_submission :Selected Male 
2024-12-21 19:41:47,636 :INFO : test_form_submission :Testing on Anushka Shetty
2024-12-21 19:41:47,666 :INFO : test_form_submission :Filled in first name: Anushka
2024-12-21 19:41:47,695 :INFO : test_form_submission :Filled in last name: Shetty
2024-12-21 19:41:47,723 :INFO : test_form_submission :Filled in password: qwertyuio
2024-12-21 19:41:47,755 :INFO : test_form_submission :Clicked checkbox
2024-12-21 19:41:47,791 :INFO : test_form_submission :Selected Female 
2024-12-21 19:44:14,151 :INFO : test_e2e :Testing on phone: iphone X
2024-12-21 19:44:14,937 :INFO : test_e2e :Added iphone X to cart
2024-12-21 19:44:14,977 :INFO : test_e2e :Navigated to Confirm Page
2024-12-21 19:44:20,326 :INFO : test_e2e :Selected country
2024-12-21 19:44:20,402 :INFO : test_e2e :Purchased the phone
2024-12-21 19:44:20,689 :INFO : test_e2e :Testing on phone: Samsung Note 8
2024-12-21 19:44:20,851 :INFO : test_e2e :Added Samsung Note 8 to cart
2024-12-21 19:44:20,881 :INFO : test_e2e :Navigated to Confirm Page
2024-12-21 19:44:26,145 :INFO : test_e2e :Selected country
2024-12-21 19:44:26,210 :INFO : test_e2e :Purchased the phone
2024-12-21 19:44:33,590 :INFO : test_form_submission :Testing on Rahul Shetty
2024-12-21 19:44:33,701 :INFO : test_form_submission :Filled in first name: Rahul
2024-12-21 19:44:33,731 :INFO : test_form_submission :Filled in last name: Shetty
2024-12-21 19:44:33,764 :INFO : test_form_submission :Filled in password: 123456789
2024-12-21 19:44:33,806 :INFO : test_form_submission :Clicked checkbox
2024-12-21 19:44:33,830 :INFO : test_form_submission :Selected Male 
2024-12-21 19:44:34,150 :INFO : test_form_submission :Testing on Anushka Shetty
2024-12-21 19:44:34,179 :INFO : test_form_submission :Filled in first name: Anushka
2024-12-21 19:44:34,207 :INFO : test_form_submission :Filled in last name: Shetty
2024-12-21 19:44:34,235 :INFO : test_form_submission :Filled in password: qwertyuio
2024-12-21 19:44:34,268 :INFO : test_form_submission :Clicked checkbox
2024-12-21 19:44:34,303 :INFO : test_form_submission :Selected Female 
2024-12-21 19:46:57,331 :INFO : test_e2e :Testing on phone: iphone X
2024-12-21 19:46:58,143 :INFO : test_e2e :Added iphone X to cart
2024-12-21 19:46:58,184 :INFO : test_e2e :Navigated to Confirm Page
2024-12-21 19:47:03,530 :INFO : test_e2e :Selected country
2024-12-21 19:47:03,605 :INFO : test_e2e :Purchased the phone
2024-12-21 19:47:04,328 :INFO : test_e2e :Testing on phone: Samsung Note 8
2024-12-21 19:47:04,474 :INFO : test_e2e :Added Samsung Note 8 to cart
2024-12-21 19:47:04,509 :INFO : test_e2e :Navigated to Confirm Page
2024-12-21 19:47:09,761 :INFO : test_e2e :Selected country
2024-12-21 19:47:09,825 :INFO : test_e2e :Purchased the phone
2024-12-21 19:47:14,896 :INFO : test_form_submission :Testing on Rahul Shetty
2024-12-21 19:47:15,007 :INFO : test_form_submission :Filled in first name: Rahul
2024-12-21 19:47:15,037 :INFO : test_form_submission :Filled in last name: Shetty
2024-12-21 19:47:15,069 :INFO : test_form_submission :Filled in password: 123456789
2024-12-21 19:47:15,111 :INFO : test_form_submission :Clicked checkbox
2024-12-21 19:47:15,136 :INFO : test_form_submission :Selected Male 
2024-12-21 19:47:15,428 :INFO : test_form_submission :Testing on Anushka Shetty
2024-12-21 19:47:15,458 :INFO : test_form_submission :Filled in first name: Anushka
2024-12-21 19:47:15,485 :INFO : test_form_submission :Filled in last name: Shetty
2024-12-21 19:47:15,513 :INFO : test_form_submission :Filled in password: qwertyuio
2024-12-21 19:47:15,546 :INFO : test_form_submission :Clicked checkbox
2024-12-21 19:47:15,581 :INFO : test_form_submission :Selected Female 
2024-12-21 19:47:40,629 :INFO : test_e2e :Testing on phone: iphone X
2024-12-21 19:47:41,667 :INFO : test_e2e :Added iphone X to cart
2024-12-21 19:47:41,710 :INFO : test_e2e :Navigated to Confirm Page
2024-12-21 19:47:47,024 :INFO : test_e2e :Selected country
2024-12-21 19:47:47,100 :INFO : test_e2e :Purchased the phone
2024-12-21 19:47:47,753 :INFO : test_e2e :Testing on phone: Samsung Note 8
2024-12-21 19:47:47,936 :INFO : test_e2e :Added Samsung Note 8 to cart
2024-12-21 19:47:47,967 :INFO : test_e2e :Navigated to Confirm Page
2024-12-21 19:47:53,194 :INFO : test_e2e :Selected country
2024-12-21 19:47:53,264 :INFO : test_e2e :Purchased the phone
2024-12-21 19:47:58,511 :INFO : test_form_submission :Testing on Rahul Shetty
2024-12-21 19:47:58,581 :INFO : test_form_submission :Filled in first name: Rahul
2024-12-21 19:47:58,612 :INFO : test_form_submission :Filled in last name: Shetty
2024-12-21 19:47:58,645 :INFO : test_form_submission :Filled in password: 123456789
2024-12-21 19:47:58,688 :INFO : test_form_submission :Clicked checkbox
2024-12-21 19:47:58,714 :INFO : test_form_submission :Selected Male 
2024-12-21 19:47:59,082 :INFO : test_form_submission :Testing on Anushka Shetty
2024-12-21 19:47:59,113 :INFO : test_form_submission :Filled in first name: Anushka
2024-12-21 19:47:59,140 :INFO : test_form_submission :Filled in last name: Shetty
2024-12-21 19:47:59,169 :INFO : test_form_submission :Filled in password: qwertyuio
2024-12-21 19:47:59,202 :INFO : test_form_submission :Clicked checkbox
2024-12-21 19:47:59,273 :INFO : test_form_submission :Selected Female 
2024-12-21 19:49:21,032 :INFO : test_e2e :Testing on phone: iphone X
2024-12-21 19:49:21,851 :INFO : test_e2e :Added iphone X to cart
2024-12-21 19:49:21,893 :INFO : test_e2e :Navigated to Confirm Page
2024-12-21 19:49:27,168 :INFO : test_e2e :Selected country
2024-12-21 19:49:27,250 :INFO : test_e2e :Purchased the phone
2024-12-21 19:49:27,941 :INFO : test_e2e :Testing on phone: Samsung Note 8
2024-12-21 19:49:28,144 :INFO : test_e2e :Added Samsung Note 8 to cart
2024-12-21 19:49:28,178 :INFO : test_e2e :Navigated to Confirm Page
2024-12-21 19:49:33,413 :INFO : test_e2e :Selected country
2024-12-21 19:49:33,482 :INFO : test_e2e :Purchased the phone
2024-12-21 19:49:38,853 :INFO : test_form_submission :Testing on Rahul Shetty
2024-12-21 19:49:38,920 :INFO : test_form_submission :Filled in first name: Rahul
2024-12-21 19:49:38,952 :INFO : test_form_submission :Filled in last name: Shetty
2024-12-21 19:49:38,986 :INFO : test_form_submission :Filled in password: 123456789
2024-12-21 19:49:39,028 :INFO : test_form_submission :Clicked checkbox
2024-12-21 19:49:39,055 :INFO : test_form_submission :Selected Male 
2024-12-21 19:49:39,369 :INFO : test_form_submission :Testing on Anushka Shetty
2024-12-21 19:49:39,399 :INFO : test_form_submission :Filled in first name: Anushka
2024-12-21 19:49:39,426 :INFO : test_form_submission :Filled in last name: Shetty
2024-12-21 19:49:39,455 :INFO : test_form_submission :Filled in password: qwertyuio
2024-12-21 19:49:39,490 :INFO : test_form_submission :Clicked checkbox
2024-12-21 19:49:39,525 :INFO : test_form_submission :Selected Female 
2024-12-21 19:51:02,186 :INFO : test_e2e :Testing on phone: iphone X
2024-12-21 19:51:03,063 :INFO : test_e2e :Added iphone X to cart
2024-12-21 19:51:03,102 :INFO : test_e2e :Navigated to Confirm Page
2024-12-21 19:51:08,479 :INFO : test_e2e :Selected country
2024-12-21 19:51:08,560 :INFO : test_e2e :Purchased the phone
2024-12-21 19:51:09,259 :INFO : test_e2e :Testing on phone: Samsung Note 8
2024-12-21 19:51:09,412 :INFO : test_e2e :Added Samsung Note 8 to cart
2024-12-21 19:51:09,443 :INFO : test_e2e :Navigated to Confirm Page
2024-12-21 19:51:14,739 :INFO : test_e2e :Selected country
2024-12-21 19:51:14,804 :INFO : test_e2e :Purchased the phone
2024-12-21 19:51:21,294 :INFO : test_form_submission :Testing on Rahul Shetty
2024-12-21 19:51:21,362 :INFO : test_form_submission :Filled in first name: Rahul
2024-12-21 19:51:21,393 :INFO : test_form_submission :Filled in last name: Shetty
2024-12-21 19:51:21,426 :INFO : test_form_submission :Filled in password: 123456789
2024-12-21 19:51:21,468 :INFO : test_form_submission :Clicked checkbox
2024-12-21 19:51:21,492 :INFO : test_form_submission :Selected Male 
2024-12-21 19:51:21,811 :INFO : test_form_submission :Testing on Anushka Shetty
2024-12-21 19:51:21,840 :INFO : test_form_submission :Filled in first name: Anushka
2024-12-21 19:51:21,868 :INFO : test_form_submission :Filled in last name: Shetty
2024-12-21 19:51:21,896 :INFO : test_form_submission :Filled in password: qwertyuio
2024-12-21 19:51:21,929 :INFO : test_form_submission :Clicked checkbox
2024-12-21 19:51:21,964 :INFO : test_form_submission :Selected Female 
